<?xml version="1.0" encoding="UTF-8"?>
<!-- Generated by org.testng.reporters.JUnitReportReporter -->
<testsuite hostname="DESKTOP-9HU6DH7" failures="0" tests="2" name="apiTests.CrocodileFarmStepDefinitions" time="7.131" errors="0" timestamp="2022-09-23T15:01:04 CEST" skipped="0">
  <testcase classname="apiTests.CrocodileFarmStepDefinitions" name="crocodileFarmNotRegistered" time="1.998"/>
  <system-out/>
  <testcase classname="apiTests.CrocodileFarmStepDefinitions" name="crocodileRegistered" time="5.133"/>
  <system-out/>
</testsuite> <!-- apiTests.CrocodileFarmStepDefinitions -->
