<?xml version="1.0" encoding="UTF-8"?>
<!-- Generated by org.testng.reporters.JUnitReportReporter -->
<testsuite hostname="DESKTOP-9HU6DH7" failures="0" tests="5" name="webTests.WebTest" time="48.335" errors="0" timestamp="2022-09-23T16:24:14 CEST" skipped="0">
  <testcase classname="webTests.WebTest" name="registerUser" time="11.139"/>
  <system-out/>
  <testcase classname="webTests.WebTest" name="searchItemAndAddToCart" time="5.321"/>
  <system-out/>
  <testcase classname="webTests.WebTest" name="proceedToCheckout" time="10.841"/>
  <system-out/>
  <testcase classname="webTests.WebTest" name="fillBillingAddress" time="8.503"/>
  <system-out/>
  <testcase classname="webTests.WebTest" name="fillShipmentAndPaymentInformation" time="12.531"/>
  <system-out/>
</testsuite> <!-- webTests.WebTest -->
