<?xml version="1.0" encoding="UTF-8"?>
<!-- Generated by org.testng.reporters.JUnitReportReporter -->
<testsuite hostname="DESKTOP-9HU6DH7" failures="0" tests="2" name="apiTests.CrocodileFarmTest" time="6.557" errors="0" timestamp="2022-09-23T16:22:26 CEST" skipped="0">
  <testcase classname="apiTests.CrocodileFarmTest" name="crocodileRegistered" time="4.481"/>
  <system-out/>
  <testcase classname="apiTests.CrocodileFarmTest" name="crocodileFarmNotRegistered" time="2.076"/>
  <system-out/>
</testsuite> <!-- apiTests.CrocodileFarmTest -->
